[13:31:13] [main/INFO]: ModLauncher running: args [--launchTarget, forgeclientuserdev, --version, 21.3.3-beta, --assetIndex, asset-index, --assetsDir, C:\Users\regan\.gradle\caches\minecraft\assets, --gameDir, ., --fml.neoForgeVersion, 21.3.3-beta, --fml.fmlVersion, 4.0.29, --fml.mcVersion, 1.21.3, --fml.neoFormVersion, 20241023.131943]
[13:31:13] [main/INFO]: JVM identified as Oracle Corporation OpenJDK 64-Bit Server VM 21.0.1+12-29
[13:31:13] [main/INFO]: ModLauncher 11.0.4+main.d2e20e43 starting: java version 21.0.1 by Oracle Corporation; OS Windows 10 arch amd64 version 10.0
[13:31:13] [main/INFO]: Loading ImmediateWindowProvider fmlearlywindow
[13:31:14] [main/INFO]: Trying GL version 4.6
[13:31:14] [main/INFO]: Requested GL version 4.6 got version 4.6
[13:31:14] [main/INFO]: SpongePowered MIXIN Subsystem Version=0.8.7 Source=union:/C:/Users/regan/.gradle/caches/modules-2/files-2.1/net.fabricmc/sponge-mixin/0.15.2+mixin.0.8.7/2af2f021d8e02a0220dc27a7a72b4666d66d44ca/sponge-mixin-0.15.2+mixin.0.8.7.jar%23159!/ Service=ModLauncher Env=CLIENT
[13:31:14] [main/INFO]: Found mod file "neoforge-21.3.3-beta.jar" [locator: neoforge devenv provider ([C:\Users\regan\OneDrive\Escritorio\Banduty's Mods\streq-mod\NeoForge\.gradle\repositories\ng_dummy_ng\net\neoforged\neoforge\21.3.3-beta\neoforge-21.3.3-beta.jar])]
[13:31:14] [pool-2-thread-1/INFO]: GL info: NVIDIA GeForce GTX 1060 6GB/PCIe/SSE2 GL version 4.6.0 NVIDIA 552.22, NVIDIA Corporation
[13:31:14] [main/INFO]: Found mod file "neoforge-21.3.3-beta.jar" [locator: neoforge devenv provider ([C:\Users\regan\OneDrive\Escritorio\Banduty's Mods\streq-mod\NeoForge\.gradle\repositories\ng_dummy_ng\net\neoforged\neoforge\21.3.3-beta\neoforge-21.3.3-beta.jar])]
[13:31:14] [main/INFO]: Found mod file "main" [locator: userdev mods and services, reader: mod manifest]
[13:31:14] [main/INFO]: Found mod file "neoforge-21.3.3-beta.jar" [locator: userdev mods and services, reader: mod manifest]
[13:31:15] [main/INFO]: Found gamelibrary file "mixinextras-neoforge-0.4.1.jar" [locator: userdev mods and services, reader: mod manifest]
[13:31:15] [main/WARN]: Attempted to select a dependency jar for JarJar which was passed in as source: mixinextras-neoforge-0.4.1.jar. Using Mod File: C:\Users\regan\.gradle\caches\modules-2\files-2.1\io.github.llamalad7\mixinextras-neoforge\0.4.1\eff97772ecd0dcf8e52cdbafd3b3ccec425f8314\mixinextras-neoforge-0.4.1.jar
[13:31:15] [main/INFO]: Found 1 dependencies adding them to mods collection
[13:31:15] [main/INFO]: Found library file "neoforge-coremods-21.3.3-beta.jar" [parent: neoforge-21.3.3-beta.jar, locator: jarinjar, reader: mod manifest]
[13:31:15] [main/INFO]: 
     Mod List:
		Name Version (Mod Id)

		Minecraft 1.21.3 (minecraft)
		NeoForge 21.3.3-beta (neoforge)
		StrEq 1.0.1 (streq)
[13:31:16] [main/INFO]: Launching target 'forgeclientuserdev' with arguments [--version, 21.3.3-beta, --gameDir, ., --assetsDir, C:\Users\regan\.gradle\caches\minecraft\assets, --assetIndex, asset-index]
[17nov2024 13:31:19.828] [Datafixer Bootstrap/INFO] [com.mojang.datafixers.DataFixerBuilder/]: 240 Datafixer optimizations took 689 milliseconds
[17nov2024 13:31:20.296] [pool-7-thread-1/INFO] [MixinExtras|Service/]: Initializing MixinExtras via com.llamalad7.mixinextras.service.MixinExtrasServiceImpl(version=0.4.1).
[17nov2024 13:31:27.680] [main/WARN] [net.minecraft.commands.Commands/]: Ambiguity between arguments [teleport, location] and [teleport, destination] with inputs: [0.1 -0.5 .9, 0 0 0]
[17nov2024 13:31:27.705] [main/WARN] [net.minecraft.commands.Commands/]: Ambiguity between arguments [teleport, location] and [teleport, targets] with inputs: [0.1 -0.5 .9, 0 0 0]
[17nov2024 13:31:27.710] [main/WARN] [net.minecraft.commands.Commands/]: Ambiguity between arguments [teleport, destination] and [teleport, targets] with inputs: [Player, 0123, @e, dd12be42-52a9-4a91-a8a1-11c01849e498]
[17nov2024 13:31:27.711] [main/WARN] [net.minecraft.commands.Commands/]: Ambiguity between arguments [teleport, targets] and [teleport, destination] with inputs: [Player, 0123, dd12be42-52a9-4a91-a8a1-11c01849e498]
[17nov2024 13:31:27.713] [main/WARN] [net.minecraft.commands.Commands/]: Ambiguity between arguments [teleport, targets, location] and [teleport, targets, destination] with inputs: [0.1 -0.5 .9, 0 0 0]
[17nov2024 13:31:27.889] [Render thread/WARN] [net.minecraft.server.packs.VanillaPackResourcesBuilder/]: Assets URL 'union:/C:/Users/regan/OneDrive/Escritorio/Banduty's%20Mods/streq-mod/NeoForge/.gradle/repositories/ng_dummy_ng/net/neoforged/neoforge/21.3.3-beta/neoforge-21.3.3-beta.jar%23215!/assets/.mcassetsroot' uses unexpected schema
[17nov2024 13:31:27.889] [Render thread/WARN] [net.minecraft.server.packs.VanillaPackResourcesBuilder/]: Assets URL 'union:/C:/Users/regan/OneDrive/Escritorio/Banduty's%20Mods/streq-mod/NeoForge/.gradle/repositories/ng_dummy_ng/net/neoforged/neoforge/21.3.3-beta/neoforge-21.3.3-beta.jar%23215!/data/.mcassetsroot' uses unexpected schema
[17nov2024 13:31:27.942] [Render thread/INFO] [com.mojang.authlib.yggdrasil.YggdrasilAuthenticationService/]: Environment: Environment[sessionHost=https://sessionserver.mojang.com, servicesHost=https://api.minecraftservices.com, name=PROD]
[17nov2024 13:31:27.954] [Render thread/INFO] [net.minecraft.client.Minecraft/]: Setting user: Dev
[17nov2024 13:31:28.093] [Render thread/INFO] [net.minecraft.client.Minecraft/]: Backend library: LWJGL version 3.3.3+5
[17nov2024 13:31:28.453] [modloading-worker-0/INFO] [banduty.streq.StrEqNeoforge/]: StrEq has been Loaded successfully
[17nov2024 13:31:28.475] [modloading-worker-0/INFO] [net.neoforged.neoforge.common.NeoForgeMod/NEOFORGE-MOD]: NeoForge mod loading, version 21.3.3-beta, for MC 1.21.3
[17nov2024 13:31:29.618] [Render thread/INFO] [net.neoforged.neoforge.gametest.GameTestHooks/]: Enabled Gametest Namespaces: []
[17nov2024 13:31:29.777] [Render thread/INFO] [net.minecraft.server.packs.resources.ReloadableResourceManager/]: Reloading ResourceManager: vanilla, mod_resources, mod/streq, mod/neoforge
[17nov2024 13:31:29.956] [resourceLoad/INFO] [net.minecraft.client.gui.font.providers.UnihexProvider/]: Found unifont_all_no_pua-15.1.05.hex, loading
[17nov2024 13:31:29.956] [resourceLoad/INFO] [net.minecraft.client.gui.font.providers.UnihexProvider/]: Found unifont_jp_patch-15.1.05.hex, loading
[17nov2024 13:31:31.986] [resourceLoad/WARN] [net.minecraft.client.resources.model.ModelManager/]: Missing textures in model neoforge:bucket_milk#inventory:
    minecraft:textures/atlas/blocks.png:neoforge:items/bucket_base
    minecraft:textures/atlas/blocks.png:neoforge:items/bucket_cover
    minecraft:textures/atlas/blocks.png:neoforge:items/bucket_fluid
[17nov2024 13:31:32.317] [Render thread/WARN] [net.minecraft.client.sounds.SoundEngine/]: Missing sound for event: minecraft:block.spawner.fall
[17nov2024 13:31:32.371] [Render thread/INFO] [com.mojang.blaze3d.audio.Library/]: OpenAL initialized on device OpenAL Soft on Auriculares (Black Shark Goblin X4 USB Dongle)
[17nov2024 13:31:32.372] [Render thread/INFO] [net.minecraft.client.sounds.SoundEngine/SOUNDS]: Sound engine started
[17nov2024 13:31:32.510] [Render thread/INFO] [net.minecraft.client.renderer.texture.TextureAtlas/]: Created: 1024x512x4 minecraft:textures/atlas/blocks.png-atlas
[17nov2024 13:31:32.524] [Render thread/INFO] [net.minecraft.client.renderer.texture.TextureAtlas/]: Created: 256x256x4 minecraft:textures/atlas/signs.png-atlas
[17nov2024 13:31:32.525] [Render thread/INFO] [net.minecraft.client.renderer.texture.TextureAtlas/]: Created: 512x512x4 minecraft:textures/atlas/shield_patterns.png-atlas
[17nov2024 13:31:32.526] [Render thread/INFO] [net.minecraft.client.renderer.texture.TextureAtlas/]: Created: 512x512x4 minecraft:textures/atlas/banner_patterns.png-atlas
[17nov2024 13:31:32.527] [Render thread/INFO] [net.minecraft.client.renderer.texture.TextureAtlas/]: Created: 1024x1024x4 minecraft:textures/atlas/armor_trims.png-atlas
[17nov2024 13:31:32.532] [Render thread/INFO] [net.minecraft.client.renderer.texture.TextureAtlas/]: Created: 256x256x4 minecraft:textures/atlas/chest.png-atlas
[17nov2024 13:31:32.533] [Render thread/INFO] [net.minecraft.client.renderer.texture.TextureAtlas/]: Created: 128x64x4 minecraft:textures/atlas/decorated_pot.png-atlas
[17nov2024 13:31:32.534] [Render thread/INFO] [net.minecraft.client.renderer.texture.TextureAtlas/]: Created: 512x256x4 minecraft:textures/atlas/shulker_boxes.png-atlas
[17nov2024 13:31:32.534] [Render thread/INFO] [net.minecraft.client.renderer.texture.TextureAtlas/]: Created: 512x256x4 minecraft:textures/atlas/beds.png-atlas
[17nov2024 13:31:32.712] [Render thread/INFO] [net.minecraft.client.renderer.texture.TextureAtlas/]: Created: 64x64x0 minecraft:textures/atlas/map_decorations.png-atlas
[17nov2024 13:31:32.918] [Render thread/INFO] [net.minecraft.client.renderer.texture.TextureAtlas/]: Created: 512x256x0 minecraft:textures/atlas/particles.png-atlas
[17nov2024 13:31:32.920] [Render thread/INFO] [net.minecraft.client.renderer.texture.TextureAtlas/]: Created: 512x256x0 minecraft:textures/atlas/paintings.png-atlas
[17nov2024 13:31:32.921] [Render thread/INFO] [net.minecraft.client.renderer.texture.TextureAtlas/]: Created: 256x128x0 minecraft:textures/atlas/mob_effects.png-atlas
[17nov2024 13:31:32.921] [Render thread/INFO] [net.minecraft.client.renderer.texture.TextureAtlas/]: Created: 1024x512x0 minecraft:textures/atlas/gui.png-atlas
[17nov2024 13:31:32.927] [Render thread/INFO] [net.neoforged.neoforge.client.entity.animation.json.AnimationLoader/]: Loaded 0 entity animations
[17nov2024 13:32:01.770] [Render thread/INFO] [net.minecraft.client.Minecraft/]: Stopping!
